<?xml version="1.0" encoding="UTF-8"?>
<!-- Generated by org.testng.reporters.JUnitXMLReporter -->
<testsuite hostname="p4a-508SD70" ignored="0" name="Test" tests="2" failures="0" timestamp="02 Aug 2018 09:05:02 GMT" time="0.562" errors="0">
  <testcase name="@BeforeTest beforeTest" time="0.438" classname="Selenium.PNCSELENIUM.Login">
    <failure type="java.lang.IllegalStateException" message="The path to the driver executable must be set by the webdriver.ie.driver system property; for more information, see https://github.com/SeleniumHQ/selenium/wiki/InternetExplorerDriver. The latest version can be downloaded from http://selenium-release.storage.googleapis.com/index.html">
      <![CDATA[java.lang.IllegalStateException: The path to the driver executable must be set by the webdriver.ie.driver system property; for more information, see https://github.com/SeleniumHQ/selenium/wiki/InternetExplorerDriver. The latest version can be downloaded from http://selenium-release.storage.googleapis.com/index.html
	at com.google.common.base.Preconditions.checkState(Preconditions.java:738)
	at org.openqa.selenium.remote.service.DriverService.findExecutable(DriverService.java:124)
	at org.openqa.selenium.ie.InternetExplorerDriverService.access$000(InternetExplorerDriverService.java:32)
	at org.openqa.selenium.ie.InternetExplorerDriverService$Builder.findDefaultExecutable(InternetExplorerDriverService.java:167)
	at org.openqa.selenium.remote.service.DriverService$Builder.build(DriverService.java:330)
	at org.openqa.selenium.ie.InternetExplorerDriver.setupService(InternetExplorerDriver.java:288)
	at org.openqa.selenium.ie.InternetExplorerDriver.<init>(InternetExplorerDriver.java:210)
	at org.openqa.selenium.ie.InternetExplorerDriver.<init>(InternetExplorerDriver.java:154)
	at Utility.Webdriver.createDriver(Webdriver.java:23)
	at Selenium.PNCSELENIUM.Login.beforeTest(Login.java:60)
... Removed 23 stack frames]]>
    </failure>
  </testcase> <!-- @BeforeTest beforeTest -->
  <testcase name="@AfterTest afterTest" time="0.0" classname="Selenium.PNCSELENIUM.Login">
    <skipped/>
  </testcase> <!-- @AfterTest afterTest -->
  <testcase name="register" time="0.015" classname="Selenium.PNCSELENIUM.Login">
    <skipped/>
  </testcase> <!-- register -->
  <testcase name="login" time="0.0" classname="Selenium.PNCSELENIUM.Login">
    <skipped/>
  </testcase> <!-- login -->
</testsuite> <!-- Test -->
